<?xml version="1.0" encoding="UTF-8"?>
<!-- Generated by org.testng.reporters.JUnitXMLReporter -->
<testsuite ignored="0" hostname="LAPTOP-QAIF69AF" failures="1" tests="1" name="FirefoxTest" time="16.009" errors="0" timestamp="2021-12-19T22:44:25 IST">
  <testcase classname="Framework.Myntratest" name="NavigationTest" time="15.41">
    <failure type="org.openqa.selenium.interactions.MoveTargetOutOfBoundsException" message="(138, 988) is out of bounds of viewport width (1536) and height (731)
Build info: version: &amp;apos;4.1.0&amp;apos;, revision: &amp;apos;87802e897b&amp;apos;
System info: host: &amp;apos;LAPTOP-QAIF69AF&amp;apos;, ip: &amp;apos;192.168.0.164&amp;apos;, os.name: &amp;apos;Windows 10&amp;apos;, os.arch: &amp;apos;amd64&amp;apos;, os.version: &amp;apos;10.0&amp;apos;, java.version: &amp;apos;11.0.13&amp;apos;
Driver info: org.openqa.selenium.firefox.FirefoxDriver
Command: [4179c6ed-6d52-458e-b8b2-d754e9858845, actions {actions=[org.openqa.selenium.interactions.Sequence@314b9e4b]}]
Capabilities {acceptInsecureCerts: true, browserName: firefox, browserVersion: 95.0, javascriptEnabled: true, moz:accessibilityChecks: false, moz:buildID: 20211129150630, moz:debuggerAddress: localhost:52696, moz:geckodriverVersion: 0.30.0, moz:headless: false, moz:processID: 20496, moz:profile: C:\Users\prama\AppData\Loca..., moz:shutdownTimeout: 60000, moz:useNonSpecCompliantPointerOrigin: false, moz:webdriverClick: true, pageLoadStrategy: normal, platform: WINDOWS, platformName: WINDOWS, platformVersion: 10.0, proxy: Proxy(), se:cdp: ws://localhost:52696/devtoo..., se:cdpVersion: 85, setWindowRect: true, strictFileInteractability: false, timeouts: {implicit: 0, pageLoad: 300000, script: 30000}, unhandledPromptBehavior: dismiss and notify}
Session ID: 4179c6ed-6d52-458e-b8b2-d754e9858845">
      <![CDATA[org.openqa.selenium.interactions.MoveTargetOutOfBoundsException: (138, 988) is out of bounds of viewport width (1536) and height (731)
Build info: version: '4.1.0', revision: '87802e897b'
System info: host: 'LAPTOP-QAIF69AF', ip: '192.168.0.164', os.name: 'Windows 10', os.arch: 'amd64', os.version: '10.0', java.version: '11.0.13'
Driver info: org.openqa.selenium.firefox.FirefoxDriver
Command: [4179c6ed-6d52-458e-b8b2-d754e9858845, actions {actions=[org.openqa.selenium.interactions.Sequence@314b9e4b]}]
Capabilities {acceptInsecureCerts: true, browserName: firefox, browserVersion: 95.0, javascriptEnabled: true, moz:accessibilityChecks: false, moz:buildID: 20211129150630, moz:debuggerAddress: localhost:52696, moz:geckodriverVersion: 0.30.0, moz:headless: false, moz:processID: 20496, moz:profile: C:\Users\prama\AppData\Loca..., moz:shutdownTimeout: 60000, moz:useNonSpecCompliantPointerOrigin: false, moz:webdriverClick: true, pageLoadStrategy: normal, platform: WINDOWS, platformName: WINDOWS, platformVersion: 10.0, proxy: Proxy(), se:cdp: ws://localhost:52696/devtoo..., se:cdpVersion: 85, setWindowRect: true, strictFileInteractability: false, timeouts: {implicit: 0, pageLoad: 300000, script: 30000}, unhandledPromptBehavior: dismiss and notify}
Session ID: 4179c6ed-6d52-458e-b8b2-d754e9858845
at org.openqa.selenium.remote.codec.w3c.W3CHttpResponseCodec.createException(W3CHttpResponseCodec.java:200)
at org.openqa.selenium.remote.codec.w3c.W3CHttpResponseCodec.decode(W3CHttpResponseCodec.java:133)
at org.openqa.selenium.remote.codec.w3c.W3CHttpResponseCodec.decode(W3CHttpResponseCodec.java:53)
at org.openqa.selenium.remote.HttpCommandExecutor.execute(HttpCommandExecutor.java:184)
at org.openqa.selenium.remote.service.DriverCommandExecutor.invokeExecute(DriverCommandExecutor.java:164)
at org.openqa.selenium.remote.service.DriverCommandExecutor.execute(DriverCommandExecutor.java:139)
at org.openqa.selenium.remote.RemoteWebDriver.execute(RemoteWebDriver.java:559)
at org.openqa.selenium.remote.RemoteWebDriver.perform(RemoteWebDriver.java:627)
at org.openqa.selenium.interactions.Actions$BuiltAction.perform(Actions.java:617)
at Framework.Myntratest.NavigationTest(Myntratest.java:70)
at java.base/java.util.ArrayList.forEach(ArrayList.java:1541)
... Removed 35 stack frames]]>
    </failure>
  </testcase> <!-- NavigationTest -->
</testsuite> <!-- FirefoxTest -->
