<?xml version="1.0" encoding="UTF-8"?>
<testsuite xmlns:xsi="http://www.w3.org/2001/XMLSchema-instance" xsi:noNamespaceSchemaLocation="https://maven.apache.org/surefire/maven-surefire-plugin/xsd/surefire-test-report-3.0.xsd" version="3.0" name="TestSuite" time="18.355" tests="1" errors="0" skipped="0" failures="1">
  <properties>
[...]
</properties>
  <testcase name="NavigationTest[Firefox](1)" classname="Framework.Myntratest" time="16.1">
    <failure message="(138, 988) is out of bounds of viewport width (1536) and height (731)&#10;Build info: version: &apos;4.1.0&apos;, revision: &apos;87802e897b&apos;&#10;System info: host: &apos;LAPTOP-QAIF69AF&apos;, ip: &apos;192.168.0.164&apos;, os.name: &apos;Windows 10&apos;, os.arch: &apos;amd64&apos;, os.version: &apos;10.0&apos;, java.version: &apos;11.0.13&apos;&#10;Driver info: org.openqa.selenium.firefox.FirefoxDriver&#10;Command: [4179c6ed-6d52-458e-b8b2-d754e9858845, actions {actions=[org.openqa.selenium.interactions.Sequence@314b9e4b]}]&#10;Capabilities {acceptInsecureCerts: true, browserName: firefox, browserVersion: 95.0, javascriptEnabled: true, moz:accessibilityChecks: false, moz:buildID: 20211129150630, moz:debuggerAddress: localhost:52696, moz:geckodriverVersion: 0.30.0, moz:headless: false, moz:processID: 20496, moz:profile: C:\Users\prama\AppData\Loca..., moz:shutdownTimeout: 60000, moz:useNonSpecCompliantPointerOrigin: false, moz:webdriverClick: true, pageLoadStrategy: normal, platform: WINDOWS, platformName: WINDOWS, platformVersion: 10.0, proxy: Proxy(), se:cdp: ws://localhost:52696/devtoo..., se:cdpVersion: 85, setWindowRect: true, strictFileInteractability: false, timeouts: {implicit: 0, pageLoad: 300000, script: 30000}, unhandledPromptBehavior: dismiss and notify}&#10;Session ID: 4179c6ed-6d52-458e-b8b2-d754e9858845" type="org.openqa.selenium.interactions.MoveTargetOutOfBoundsException"><![CDATA[org.openqa.selenium.interactions.MoveTargetOutOfBoundsException: 
(138, 988) is out of bounds of viewport width (1536) and height (731)
Build info: version: '4.1.0', revision: '87802e897b'
System info: host: 'LAPTOP-QAIF69AF', ip: '192.168.0.164', os.name: 'Windows 10', os.arch: 'amd64', os.version: '10.0', java.version: '11.0.13'
Driver info: org.openqa.selenium.firefox.FirefoxDriver
Command: [4179c6ed-6d52-458e-b8b2-d754e9858845, actions {actions=[org.openqa.selenium.interactions.Sequence@314b9e4b]}]
Capabilities {acceptInsecureCerts: true, browserName: firefox, browserVersion: 95.0, javascriptEnabled: true, moz:accessibilityChecks: false, moz:buildID: 20211129150630, moz:debuggerAddress: localhost:52696, moz:geckodriverVersion: 0.30.0, moz:headless: false, moz:processID: 20496, moz:profile: C:\Users\prama\AppData\Loca..., moz:shutdownTimeout: 60000, moz:useNonSpecCompliantPointerOrigin: false, moz:webdriverClick: true, pageLoadStrategy: normal, platform: WINDOWS, platformName: WINDOWS, platformVersion: 10.0, proxy: Proxy(), se:cdp: ws://localhost:52696/devtoo..., se:cdpVersion: 85, setWindowRect: true, strictFileInteractability: false, timeouts: {implicit: 0, pageLoad: 300000, script: 30000}, unhandledPromptBehavior: dismiss and notify}
Session ID: 4179c6ed-6d52-458e-b8b2-d754e9858845
	at Framework.Myntratest.NavigationTest(Myntratest.java:70)
]]></failure>
    <system-err><![CDATA[SLF4J: Failed to load class "org.slf4j.impl.StaticLoggerBinder".
SLF4J: Defaulting to no-operation (NOP) logger implementation
SLF4J: See http://www.slf4j.org/codes.html#StaticLoggerBinder for further details.
1639934050773	geckodriver	INFO	Listening on 127.0.0.1:51700
1639934051932	mozrunner::runner	INFO	Running command: "C:\\Program Files\\Mozilla Firefox\\firefox.exe" "--marionette" "--remote-debugging-port" "52696" "-no-remote" "-profile" "C:\\Users\\prama\\AppData\\Local\\Temp\\rust_mozprofileU6MyKK"
1639934052403	Marionette	INFO	Marionette enabled
console.warn: SearchSettings: "get: No settings file exists, new profile?" (new NotFoundError("Could not open the file at C:\\Users\\prama\\AppData\\Local\\Temp\\rust_mozprofileU6MyKK\\search.json.mozlz4", (void 0)))
DevTools listening on ws://localhost:52696/devtools/browser/ef4ab553-5065-41fe-a475-97bfb994085d
1639934055237	Marionette	INFO	Listening on port 50808
1639934055622	RemoteAgent	WARN	TLS certificate errors will be ignored for this session
Dec 19, 2021 10:44:15 PM org.openqa.selenium.remote.ProtocolHandshake createSession
INFO: Detected dialect: W3C
JavaScript warning: https://www.myntra.com/kJrzTTMGw/h/y/M-CFcJEV-oXukPRU/haSaD8bc9pta/Qk1QICEi/AkNOQ/A5ENSAB, line 1: WEBGL_debug_renderer_info is deprecated in Firefox and will be removed. Please use RENDERER.
]]></system-err>
  </testcase>
</testsuite>